<?xml version="1.0" encoding="UTF-8"?>
<!-- Generated by org.testng.reporters.JUnitReportReporter -->
<testsuite hostname="DESKTOP-UI3TJPM" failures="0" tests="5" name="com.automation.ezycomp.testcases.Addnewlaw" time="78.783" errors="0" timestamp="2023-08-17T10:40:38 IST" skipped="0">
  <testcase classname="com.automation.ezycomp.testcases.Addnewlaw" name="AddNewLaw" time="19.755"/>
  <system-out/>
  <testcase classname="com.automation.ezycomp.testcases.Addnewlaw" name="AddDuplicate" time="15.981"/>
  <system-out/>
  <testcase classname="com.automation.ezycomp.testcases.Addnewlaw" name="AddBlank" time="12.792"/>
  <system-out/>
  <testcase classname="com.automation.ezycomp.testcases.Addnewlaw" name="SearchWithValidLaw" time="14.957"/>
  <system-out/>
  <testcase classname="com.automation.ezycomp.testcases.Addnewlaw" name="SearchWithInValidLaw" time="15.298"/>
  <system-out/>
</testsuite> <!-- com.automation.ezycomp.testcases.Addnewlaw -->
