<?xml version="1.0" encoding="UTF-8"?>
<!-- Generated by org.testng.reporters.JUnitReportReporter -->
<testsuite hostname="DESKTOP-UI3TJPM" failures="0" tests="1" name="com.automation.ezycomp.ezycomp.NewLawTest" time="19.492" errors="0" timestamp="2023-08-14T18:45:41 IST" skipped="0">
  <testcase classname="com.automation.ezycomp.ezycomp.NewLawTest" name="AddNewLaw" time="19.492"/>
  <system-out/>
</testsuite> <!-- com.automation.ezycomp.ezycomp.NewLawTest -->
