<?xml version="1.0" encoding="UTF-8"?>
<!-- Generated by org.testng.reporters.JUnitReportReporter -->
<testsuite hostname="DESKTOP-UI3TJPM" failures="0" tests="1" name="com.automation.ezycomp.testcases.Addnewlaw" time="27.355" errors="0" timestamp="2023-10-05T15:46:48 IST" skipped="0">
  <testcase classname="com.automation.ezycomp.testcases.Addnewlaw" name="AddDuplicate" time="27.355"/>
  <system-out/>
</testsuite> <!-- com.automation.ezycomp.testcases.Addnewlaw -->
