<?xml version="1.0" encoding="UTF-8"?>
<!-- Generated by org.testng.reporters.JUnitReportReporter -->
<testsuite hostname="LAPTOP-UBMCSSKG" failures="0" tests="1" name="com.automation.ezycomp.testcases.manage_users" time="16.918" errors="0" timestamp="2023-09-29T13:22:44 IST" skipped="0">
  <testcase classname="com.automation.ezycomp.testcases.manage_users" name="manage_user" time="16.918"/>
  <system-out/>
</testsuite> <!-- com.automation.ezycomp.testcases.manage_users -->
