<?xml version="1.0" encoding="UTF-8"?>
<!-- Generated by org.testng.reporters.JUnitReportReporter -->
<testsuite hostname="DESKTOP-UI3TJPM" failures="0" tests="1" name="com.automation.ezycomp.testcases.LoginPageTest" time="32.246" errors="0" timestamp="2023-09-21T12:37:21 IST" skipped="0">
  <testcase classname="com.automation.ezycomp.testcases.LoginPageTest" name="login" time="32.246"/>
  <system-out/>
</testsuite> <!-- com.automation.ezycomp.testcases.LoginPageTest -->
