<?xml version="1.0" encoding="UTF-8"?>
<!-- Generated by org.testng.reporters.JUnitReportReporter -->
<testsuite hostname="DESKTOP-3OI1RL1" failures="0" tests="1" name="com.automation.ezycomp.testcases.Emails" time="35.440" errors="0" timestamp="2023-12-19T12:53:24 IST" skipped="0">
  <testcase classname="com.automation.ezycomp.testcases.Emails" name="manage_user" time="35.440"/>
</testsuite> <!-- com.automation.ezycomp.testcases.Emails -->
