<?xml version="1.0" encoding="UTF-8"?>
<!-- Generated by org.testng.reporters.JUnitReportReporter -->
<testsuite hostname="DESKTOP-3OI1RL1" failures="0" tests="1" name="com.automation.ezycomp.testcases.AuditTestCase" time="20.329" errors="0" timestamp="2024-02-12T11:33:11 IST" skipped="0">
  <testcase classname="com.automation.ezycomp.testcases.AuditTestCase" name="login" time="20.329"/>
</testsuite> <!-- com.automation.ezycomp.testcases.AuditTestCase -->
