<?xml version="1.0" encoding="UTF-8"?>
<!-- Generated by org.testng.reporters.JUnitReportReporter -->
<testsuite hostname="DESKTOP-3OI1RL1" failures="0" tests="1" name="com.automation.ezycomp.testcases.LocmappingTestcase" time="16.426" errors="0" timestamp="2024-01-03T12:42:52 IST" skipped="0">
  <testcase classname="com.automation.ezycomp.testcases.LocmappingTestcase" name="login" time="16.426"/>
</testsuite> <!-- com.automation.ezycomp.testcases.LocmappingTestcase -->
