<?xml version="1.0" encoding="UTF-8"?>
<!-- Generated by org.testng.reporters.JUnitReportReporter -->
<testsuite hostname="LAPTOP-UBMCSSKG" failures="0" tests="1" name="com.automation.ezycomp.testcases.LoginPageTest" time="9.137" errors="0" timestamp="2023-09-21T14:53:56 IST" skipped="0">
  <testcase classname="com.automation.ezycomp.testcases.LoginPageTest" name="login" time="9.137"/>
  <system-out/>
</testsuite> <!-- com.automation.ezycomp.testcases.LoginPageTest -->
