<?xml version="1.0" encoding="UTF-8"?>
<!-- Generated by org.testng.reporters.JUnitReportReporter -->
<testsuite hostname="DESKTOP-UI3TJPM" failures="0" tests="1" name="com.automation.ezycomp.ezycomp.NewLawTest" time="26.313" errors="0" timestamp="2023-09-19T12:37:36 IST" skipped="0">
  <testcase classname="com.automation.ezycomp.ezycomp.NewLawTest" name="AddNewLaw" time="26.313"/>
  <system-out/>
</testsuite> <!-- com.automation.ezycomp.ezycomp.NewLawTest -->
