<?xml version="1.0" encoding="UTF-8"?>
<!-- Generated by org.testng.reporters.JUnitReportReporter -->
<testsuite hostname="DESKTOP-3OI1RL1" failures="0" tests="1" name="com.automation.ezycomp.testcases.CompaniesTestcase" time="26.624" errors="0" timestamp="2023-12-29T12:52:28 IST" skipped="0">
  <testcase classname="com.automation.ezycomp.testcases.CompaniesTestcase" name="compdetails" time="26.624"/>
</testsuite> <!-- com.automation.ezycomp.testcases.CompaniesTestcase -->
